c:\users\emanuel\source\repos\startgui\startgui\debug\vc142.pdb
c:\users\emanuel\source\repos\startgui\startgui\debug\.netframework,version=v4.7.2.assemblyattributes.obj
c:\users\emanuel\source\repos\startgui\startgui\debug\myform.obj
c:\users\emanuel\source\repos\startgui\startgui\debug\jogos.obj
c:\users\emanuel\source\repos\startgui\startgui\debug\startgui.myform.resources
c:\users\emanuel\source\repos\startgui\debug\startgui.pdb
c:\users\emanuel\source\repos\startgui\startgui\debug\startgui.tlog\cl.command.1.tlog
c:\users\emanuel\source\repos\startgui\startgui\debug\startgui.tlog\cl.read.1.tlog
c:\users\emanuel\source\repos\startgui\startgui\debug\startgui.tlog\cl.write.1.tlog
c:\users\emanuel\source\repos\startgui\startgui\debug\startgui.tlog\link.10776-cvtres.read.1.tlog
c:\users\emanuel\source\repos\startgui\startgui\debug\startgui.tlog\link.10776-cvtres.write.1.tlog
c:\users\emanuel\source\repos\startgui\startgui\debug\startgui.tlog\link.10776-rc.read.1.tlog
c:\users\emanuel\source\repos\startgui\startgui\debug\startgui.tlog\link.10776-rc.write.1.tlog
c:\users\emanuel\source\repos\startgui\startgui\debug\startgui.tlog\link.10776.read.1.tlog
c:\users\emanuel\source\repos\startgui\startgui\debug\startgui.tlog\link.10776.write.1.tlog
c:\users\emanuel\source\repos\startgui\startgui\debug\startgui.tlog\link.11844-cvtres.read.1.tlog
c:\users\emanuel\source\repos\startgui\startgui\debug\startgui.tlog\link.11844-cvtres.write.1.tlog
c:\users\emanuel\source\repos\startgui\startgui\debug\startgui.tlog\link.11844-rc.read.1.tlog
c:\users\emanuel\source\repos\startgui\startgui\debug\startgui.tlog\link.11844-rc.write.1.tlog
c:\users\emanuel\source\repos\startgui\startgui\debug\startgui.tlog\link.11844.read.1.tlog
c:\users\emanuel\source\repos\startgui\startgui\debug\startgui.tlog\link.11844.write.1.tlog
c:\users\emanuel\source\repos\startgui\startgui\debug\startgui.tlog\link.14076-cvtres.read.1.tlog
c:\users\emanuel\source\repos\startgui\startgui\debug\startgui.tlog\link.14076-cvtres.write.1.tlog
c:\users\emanuel\source\repos\startgui\startgui\debug\startgui.tlog\link.14076-rc.read.1.tlog
c:\users\emanuel\source\repos\startgui\startgui\debug\startgui.tlog\link.14076-rc.write.1.tlog
c:\users\emanuel\source\repos\startgui\startgui\debug\startgui.tlog\link.14076.read.1.tlog
c:\users\emanuel\source\repos\startgui\startgui\debug\startgui.tlog\link.14076.write.1.tlog
c:\users\emanuel\source\repos\startgui\startgui\debug\startgui.tlog\link.19224-cvtres.read.1.tlog
c:\users\emanuel\source\repos\startgui\startgui\debug\startgui.tlog\link.19224-cvtres.write.1.tlog
c:\users\emanuel\source\repos\startgui\startgui\debug\startgui.tlog\link.19224-rc.read.1.tlog
c:\users\emanuel\source\repos\startgui\startgui\debug\startgui.tlog\link.19224-rc.write.1.tlog
c:\users\emanuel\source\repos\startgui\startgui\debug\startgui.tlog\link.19224.read.1.tlog
c:\users\emanuel\source\repos\startgui\startgui\debug\startgui.tlog\link.19224.write.1.tlog
c:\users\emanuel\source\repos\startgui\startgui\debug\startgui.tlog\link.24304-cvtres.read.1.tlog
c:\users\emanuel\source\repos\startgui\startgui\debug\startgui.tlog\link.24304-cvtres.write.1.tlog
c:\users\emanuel\source\repos\startgui\startgui\debug\startgui.tlog\link.24304-rc.read.1.tlog
c:\users\emanuel\source\repos\startgui\startgui\debug\startgui.tlog\link.24304-rc.write.1.tlog
c:\users\emanuel\source\repos\startgui\startgui\debug\startgui.tlog\link.24304.read.1.tlog
c:\users\emanuel\source\repos\startgui\startgui\debug\startgui.tlog\link.24304.write.1.tlog
c:\users\emanuel\source\repos\startgui\startgui\debug\startgui.tlog\link.29004-cvtres.read.1.tlog
c:\users\emanuel\source\repos\startgui\startgui\debug\startgui.tlog\link.29004-cvtres.write.1.tlog
c:\users\emanuel\source\repos\startgui\startgui\debug\startgui.tlog\link.29004-rc.read.1.tlog
c:\users\emanuel\source\repos\startgui\startgui\debug\startgui.tlog\link.29004-rc.write.1.tlog
c:\users\emanuel\source\repos\startgui\startgui\debug\startgui.tlog\link.29004.read.1.tlog
c:\users\emanuel\source\repos\startgui\startgui\debug\startgui.tlog\link.29004.write.1.tlog
c:\users\emanuel\source\repos\startgui\startgui\debug\startgui.tlog\link.31916-cvtres.read.1.tlog
c:\users\emanuel\source\repos\startgui\startgui\debug\startgui.tlog\link.31916-cvtres.write.1.tlog
c:\users\emanuel\source\repos\startgui\startgui\debug\startgui.tlog\link.31916-rc.read.1.tlog
c:\users\emanuel\source\repos\startgui\startgui\debug\startgui.tlog\link.31916-rc.write.1.tlog
c:\users\emanuel\source\repos\startgui\startgui\debug\startgui.tlog\link.31916.read.1.tlog
c:\users\emanuel\source\repos\startgui\startgui\debug\startgui.tlog\link.31916.write.1.tlog
c:\users\emanuel\source\repos\startgui\startgui\debug\startgui.tlog\link.35188-cvtres.read.1.tlog
c:\users\emanuel\source\repos\startgui\startgui\debug\startgui.tlog\link.35188-cvtres.write.1.tlog
c:\users\emanuel\source\repos\startgui\startgui\debug\startgui.tlog\link.35188-rc.read.1.tlog
c:\users\emanuel\source\repos\startgui\startgui\debug\startgui.tlog\link.35188-rc.write.1.tlog
c:\users\emanuel\source\repos\startgui\startgui\debug\startgui.tlog\link.35188.read.1.tlog
c:\users\emanuel\source\repos\startgui\startgui\debug\startgui.tlog\link.35188.write.1.tlog
c:\users\emanuel\source\repos\startgui\startgui\debug\startgui.tlog\link.37756-cvtres.read.1.tlog
c:\users\emanuel\source\repos\startgui\startgui\debug\startgui.tlog\link.37756-cvtres.write.1.tlog
c:\users\emanuel\source\repos\startgui\startgui\debug\startgui.tlog\link.37756-rc.read.1.tlog
c:\users\emanuel\source\repos\startgui\startgui\debug\startgui.tlog\link.37756-rc.write.1.tlog
c:\users\emanuel\source\repos\startgui\startgui\debug\startgui.tlog\link.37756.read.1.tlog
c:\users\emanuel\source\repos\startgui\startgui\debug\startgui.tlog\link.37756.write.1.tlog
c:\users\emanuel\source\repos\startgui\startgui\debug\startgui.tlog\link.40968-cvtres.read.1.tlog
c:\users\emanuel\source\repos\startgui\startgui\debug\startgui.tlog\link.40968-cvtres.write.1.tlog
c:\users\emanuel\source\repos\startgui\startgui\debug\startgui.tlog\link.40968-rc.read.1.tlog
c:\users\emanuel\source\repos\startgui\startgui\debug\startgui.tlog\link.40968-rc.write.1.tlog
c:\users\emanuel\source\repos\startgui\startgui\debug\startgui.tlog\link.40968.read.1.tlog
c:\users\emanuel\source\repos\startgui\startgui\debug\startgui.tlog\link.40968.write.1.tlog
c:\users\emanuel\source\repos\startgui\startgui\debug\startgui.tlog\link.50052-cvtres.read.1.tlog
c:\users\emanuel\source\repos\startgui\startgui\debug\startgui.tlog\link.50052-cvtres.write.1.tlog
c:\users\emanuel\source\repos\startgui\startgui\debug\startgui.tlog\link.50052-rc.read.1.tlog
c:\users\emanuel\source\repos\startgui\startgui\debug\startgui.tlog\link.50052-rc.write.1.tlog
c:\users\emanuel\source\repos\startgui\startgui\debug\startgui.tlog\link.50052.read.1.tlog
c:\users\emanuel\source\repos\startgui\startgui\debug\startgui.tlog\link.50052.write.1.tlog
c:\users\emanuel\source\repos\startgui\startgui\debug\startgui.tlog\link.51216-cvtres.read.1.tlog
c:\users\emanuel\source\repos\startgui\startgui\debug\startgui.tlog\link.51216-cvtres.write.1.tlog
c:\users\emanuel\source\repos\startgui\startgui\debug\startgui.tlog\link.51216-rc.read.1.tlog
c:\users\emanuel\source\repos\startgui\startgui\debug\startgui.tlog\link.51216-rc.write.1.tlog
c:\users\emanuel\source\repos\startgui\startgui\debug\startgui.tlog\link.51216.read.1.tlog
c:\users\emanuel\source\repos\startgui\startgui\debug\startgui.tlog\link.51216.write.1.tlog
c:\users\emanuel\source\repos\startgui\startgui\debug\startgui.tlog\link.51992-cvtres.read.1.tlog
c:\users\emanuel\source\repos\startgui\startgui\debug\startgui.tlog\link.51992-cvtres.write.1.tlog
c:\users\emanuel\source\repos\startgui\startgui\debug\startgui.tlog\link.51992-rc.read.1.tlog
c:\users\emanuel\source\repos\startgui\startgui\debug\startgui.tlog\link.51992-rc.write.1.tlog
c:\users\emanuel\source\repos\startgui\startgui\debug\startgui.tlog\link.51992.read.1.tlog
c:\users\emanuel\source\repos\startgui\startgui\debug\startgui.tlog\link.51992.write.1.tlog
c:\users\emanuel\source\repos\startgui\startgui\debug\startgui.tlog\link.command.1.tlog
c:\users\emanuel\source\repos\startgui\startgui\debug\startgui.tlog\link.read.1.tlog
c:\users\emanuel\source\repos\startgui\startgui\debug\startgui.tlog\link.write.1.tlog
c:\users\emanuel\source\repos\startgui\startgui\debug\startgui.tlog\metagen.read.1.tlog
c:\users\emanuel\source\repos\startgui\startgui\debug\startgui.tlog\metagen.write.1.tlog
c:\users\emanuel\source\repos\startgui\startgui\debug\startgui.tlog\startgui.write.1u.tlog
